#
# There is insufficient memory for the Java Runtime Environment to continue.
# Native memory allocation (malloc) failed to allocate 156832 bytes for Chunk::new
# Possible reasons:
#   The system is out of physical RAM or swap space
#   The process is running with CompressedOops enabled, and the Java Heap may be blocking the growth of the native heap
# Possible solutions:
#   Reduce memory load on the system
#   Increase physical memory or swap space
#   Check if swap backing store is full
#   Decrease Java heap size (-Xmx/-Xms)
#   Decrease number of Java threads
#   Decrease Java thread stack sizes (-Xss)
#   Set larger code cache with -XX:ReservedCodeCacheSize=
#   JVM is running with Unscaled Compressed Oops mode in which the Java heap is
#     placed in the first 4GB address space. The Java Heap base address is the
#     maximum limit for the native heap growth. Please use -XX:HeapBaseMinAddress
#     to set the Java Heap base and to place the Java Heap above 4GB virtual address.
# This output file may be truncated or incomplete.
#
#  Out of Memory Error (allocation.cpp:389), pid=6624, tid=0x00000000000015a0
#
# JRE version: OpenJDK Runtime Environment (8.0_202-b03) (build 1.8.0_202-release-1483-b03)
# Java VM: OpenJDK 64-Bit Server VM (25.202-b03 mixed mode windows-amd64 compressed oops)
# Failed to write core dump. Minidumps are not enabled by default on client versions of Windows
#

---------------  T H R E A D  ---------------

Current thread (0x00000000162d6800):  JavaThread "C2 CompilerThread0" daemon [_thread_in_native, id=5536, stack(0x0000000017320000,0x0000000017420000)]

Stack: [0x0000000017320000,0x0000000017420000]
[error occurred during error reporting (printing stack bounds), id 0xc0000005]

Native frames: (J=compiled Java code, j=interpreted, Vv=VM code, C=native code)


Current CompileTask:
C2:3800656 21280 %     4       com.android.tools.r8.ir.regalloc.LinearScanRegisterAllocator::a @ 1465 (1738 bytes)


---------------  P R O C E S S  ---------------

Java Threads: ( => current thread )
  0x0000000017ea2000 JavaThread "WorkerExecutor Queue Thread 2" [_thread_in_native, id=12544, stack(0x000000002e3a0000,0x000000002e4a0000)]
  0x0000000017ea2800 JavaThread "WorkerExecutor Queue" [_thread_blocked, id=8384, stack(0x000000002e2a0000,0x000000002e3a0000)]
  0x0000000017e9a800 JavaThread "Cache worker for Java compile cache (C:\Users\Rodrigo\AndroidStudioProjects\ExemploHttp\.gradle\5.4.1\javaCompile)" [_thread_blocked, id=4336, stack(0x000000002e1a0000,0x000000002e2a0000)]
  0x0000000017ea1000 JavaThread "Cache worker for execution history cache (C:\Users\Rodrigo\AndroidStudioProjects\ExemploHttp\.gradle\5.4.1\executionHistory)" [_thread_blocked, id=5604, stack(0x000000002e0a0000,0x000000002e1a0000)]
  0x0000000017e9d800 JavaThread "Execution worker for ':'" [_thread_blocked, id=7396, stack(0x000000002dfa0000,0x000000002e0a0000)]
  0x0000000017e99800 JavaThread "Cache worker for file content cache (C:\Users\Rodrigo\AndroidStudioProjects\ExemploHttp\.gradle\5.4.1\fileContent)" [_thread_blocked, id=10744, stack(0x000000002dea0000,0x000000002dfa0000)]
  0x0000000017e9f000 JavaThread "Cache worker for Build Output Cleanup Cache (C:\Users\Rodrigo\AndroidStudioProjects\ExemploHttp\.gradle\buildOutputCleanup)" [_thread_blocked, id=14124, stack(0x000000002dda0000,0x000000002dea0000)]
  0x0000000017e9b000 JavaThread "pool-10-thread-1" [_thread_blocked, id=1428, stack(0x000000002dca0000,0x000000002dda0000)]
  0x0000000017e99000 JavaThread "Build operations Thread 2" [_thread_blocked, id=11692, stack(0x000000002dba0000,0x000000002dca0000)]
  0x0000000019195800 JavaThread "Build operations" [_thread_blocked, id=1136, stack(0x000000002daa0000,0x000000002dba0000)]
  0x000000001919a000 JavaThread "Cache worker for cache directory md-rule (C:\Users\Rodrigo\.gradle\caches\5.4.1\md-rule)" [_thread_blocked, id=7736, stack(0x000000002d9a0000,0x000000002daa0000)]
  0x0000000019199800 JavaThread "Cache worker for cache directory md-supplier (C:\Users\Rodrigo\.gradle\caches\5.4.1\md-supplier)" [_thread_blocked, id=7096, stack(0x000000002d8a0000,0x000000002d9a0000)]
  0x000000001919b000 JavaThread "Cache worker for file hash cache (C:\Users\Rodrigo\AndroidStudioProjects\ExemploHttp\.gradle\5.4.1\fileHashes)" [_thread_blocked, id=11252, stack(0x000000002d7a0000,0x000000002d8a0000)]
  0x000000001918d000 JavaThread "Thread-84" [_thread_blocked, id=14176, stack(0x000000002d6a0000,0x000000002d7a0000)]
  0x0000000019194000 JavaThread "Stdin handler" [_thread_blocked, id=10348, stack(0x000000002d5a0000,0x000000002d6a0000)]
  0x000000001918b800 JavaThread "Asynchronous log dispatcher for DefaultDaemonConnection: socket connection from /127.0.0.1:52243 to /127.0.0.1:52753" [_thread_blocked, id=5732, stack(0x000000002d4a0000,0x000000002d5a0000)]
  0x0000000019192800 JavaThread "Daemon worker Thread 5" [_thread_blocked, id=8796, stack(0x000000002d3a0000,0x000000002d4a0000)]
  0x0000000019190800 JavaThread "Cancel handler" [_thread_blocked, id=7572, stack(0x000000002d2a0000,0x000000002d3a0000)]
  0x000000001918f800 JavaThread "Handler for socket connection from /127.0.0.1:52243 to /127.0.0.1:52753" [_thread_in_native, id=7760, stack(0x000000002d1a0000,0x000000002d2a0000)]
  0x0000000019192000 JavaThread "Daemon Thread 5" [_thread_blocked, id=13380, stack(0x000000002d0a0000,0x000000002d1a0000)]
  0x000000001918e000 JavaThread "Cache worker for Java compile cache (C:\Users\Rodrigo\.gradle\caches\5.4.1\javaCompile)" [_thread_blocked, id=6020, stack(0x0000000024830000,0x0000000024930000)]
  0x000000001918f000 JavaThread "MarlinRenderer Disposer" daemon [_thread_blocked, id=9640, stack(0x00000000229e0000,0x0000000022ae0000)]
  0x0000000019193800 JavaThread "Java2D Disposer" daemon [_thread_blocked, id=10540, stack(0x00000000228e0000,0x00000000229e0000)]
  0x0000000017ea0800 JavaThread "Cache worker for file content cache (C:\Users\Rodrigo\.gradle\caches\5.4.1\fileContent)" [_thread_blocked, id=7540, stack(0x00000000221e0000,0x00000000222e0000)]
  0x0000000017e9f800 JavaThread "Memory manager" [_thread_blocked, id=5840, stack(0x00000000200a0000,0x00000000201a0000)]
  0x00000000184f0000 JavaThread "Cache worker for execution history cache (C:\Users\Rodrigo\.gradle\caches\5.4.1\executionHistory)" [_thread_blocked, id=7740, stack(0x000000001d8d0000,0x000000001d9d0000)]
  0x00000000184f3000 JavaThread "Cache worker for journal cache (C:\Users\Rodrigo\.gradle\caches\journal-1)" [_thread_blocked, id=9936, stack(0x000000001a980000,0x000000001aa80000)]
  0x00000000184f2800 JavaThread "File lock request listener" [_thread_in_native, id=4840, stack(0x000000001a880000,0x000000001a980000)]
  0x0000000017d35800 JavaThread "Cache worker for file hash cache (C:\Users\Rodrigo\.gradle\caches\5.4.1\fileHashes)" [_thread_blocked, id=13020, stack(0x000000001a580000,0x000000001a680000)]
  0x0000000017f90000 JavaThread "Daemon periodic checks" [_thread_blocked, id=11708, stack(0x0000000019b80000,0x0000000019c80000)]
  0x0000000017dce800 JavaThread "Incoming local TCP Connector on port 52243" [_thread_in_native, id=5736, stack(0x0000000019930000,0x0000000019a30000)]
  0x0000000018c26800 JavaThread "Daemon health stats" [_thread_blocked, id=10716, stack(0x00000000192f0000,0x00000000193f0000)]
  0x000000001633d000 JavaThread "Service Thread" daemon [_thread_blocked, id=14004, stack(0x0000000017520000,0x0000000017620000)]
  0x000000001632f000 JavaThread "C1 CompilerThread1" daemon [_thread_blocked, id=14144, stack(0x0000000017420000,0x0000000017520000)]
=>0x00000000162d6800 JavaThread "C2 CompilerThread0" daemon [_thread_in_native, id=5536, stack(0x0000000017320000,0x0000000017420000)]
  0x00000000162d4000 JavaThread "Attach Listener" daemon [_thread_blocked, id=804, stack(0x0000000017220000,0x0000000017320000)]
  0x00000000162e1800 JavaThread "Signal Dispatcher" daemon [_thread_blocked, id=13616, stack(0x0000000017120000,0x0000000017220000)]
  0x0000000002aa8800 JavaThread "Finalizer" daemon [_thread_blocked, id=7512, stack(0x0000000016f10000,0x0000000017010000)]
  0x00000000162c7000 JavaThread "Reference Handler" daemon [_thread_blocked, id=12216, stack(0x0000000016e10000,0x0000000016f10000)]
  0x0000000002bae000 JavaThread "main" [_thread_blocked, id=13032, stack(0x0000000002830000,0x0000000002930000)]

Other Threads:
  0x00000000162a4800 VMThread [stack: 0x0000000016d10000,0x0000000016e10000] [id=3868]
  0x0000000016340000 WatcherThread [stack: 0x0000000017620000,0x0000000017720000] [id=8472]

VM state:not at safepoint (normal execution)

VM Mutex/Monitor currently owned by a thread: None

heap address: 0x00000000a0000000, size: 1536 MB, Compressed Oops mode: 32-bit
Narrow klass base: 0x0000000000000000, Narrow klass shift: 3
Compressed class space size: 1073741824 Address: 0x0000000100000000

Heap:
 PSYoungGen      total 387584K, used 29123K [0x00000000e0000000, 0x00000000f9100000, 0x0000000100000000)
  eden space 374784K, 4% used [0x00000000e0000000,0x00000000e1107980,0x00000000f6e00000)
  from space 12800K, 91% used [0x00000000f8480000,0x00000000f8fe95e0,0x00000000f9100000)
  to   space 17920K, 0% used [0x00000000f6e00000,0x00000000f6e00000,0x00000000f7f80000)
 ParOldGen       total 182784K, used 58739K [0x00000000a0000000, 0x00000000ab280000, 0x00000000e0000000)
  object space 182784K, 32% used [0x00000000a0000000,0x00000000a395ce50,0x00000000ab280000)
 Metaspace       used 98374K, capacity 102610K, committed 102656K, reserved 1138688K
  class space    used 12485K, capacity 13279K, committed 13312K, reserved 1048576K

Card table byte_map: [0x0000000011f70000,0x0000000012280000] byte_map_base: 0x0000000011a70000

Marking Bits: (ParMarkBitMap*) 0x0000000073d69f30
 Begin Bits: [0x0000000012680000, 0x0000000013e80000)
 End Bits:   [0x0000000013e80000, 0x0000000015680000)

Polling page: 0x00000000009f0000

CodeCache: size=245760Kb used=61439Kb max_used=61529Kb free=184320Kb
 bounds [0x0000000002bb0000, 0x0000000006810000, 0x0000000011bb0000]
 total_blobs=18323 nmethods=17320 adapters=914
 compilation: enabled

Compilation events (10 events):
Event: 3796.780 Thread 0x000000001632f000 21304       2       org.gradle.api.internal.tasks.TaskStateInternal::getSkipMessage (19 bytes)
Event: 3796.780 Thread 0x000000001632f000 nmethod 21304 0x0000000003468a50 code [0x0000000003468ba0, 0x0000000003468d10]
Event: 3796.999 Thread 0x000000001632f000 21306       2       com.android.build.gradle.tasks.MergeSourceSetFolders_Decorated::getOutputDir (37 bytes)
Event: 3797.001 Thread 0x000000001632f000 nmethod 21306 0x00000000039bf210 code [0x00000000039bf3a0, 0x00000000039bf6d8]
Event: 3797.144 Thread 0x000000001632f000 21307       2       org.gradle.internal.fingerprint.classpath.impl.ClasspathFingerprintingStrategy$ClasspathFingerprintVisitor::visit (61 bytes)
Event: 3797.144 Thread 0x000000001632f000 nmethod 21307 0x00000000035879d0 code [0x0000000003587b60, 0x0000000003587e08]
Event: 3797.146 Thread 0x000000001632f000 21308       2       org.gradle.api.internal.file.collections.jdk7.Jdk7DirectoryWalker$1::postVisitDirectory (95 bytes)
Event: 3797.148 Thread 0x000000001632f000 nmethod 21308 0x00000000047ca850 code [0x00000000047caa60, 0x00000000047cb238]
Event: 3797.866 Thread 0x000000001632f000 21309       2       com.android.builder.dexing.DirDexArchive::createEntry (30 bytes)
Event: 3797.866 Thread 0x000000001632f000 nmethod 21309 0x00000000035874d0 code [0x0000000003587640, 0x00000000035878c8]

GC Heap History (10 events):
Event: 2135.213 GC heap before
{Heap before GC invocations=34 (full 4):
 PSYoungGen      total 285696K, used 267568K [0x00000000e0000000, 0x00000000f5100000, 0x0000000100000000)
  eden space 266240K, 100% used [0x00000000e0000000,0x00000000f0400000,0x00000000f0400000)
  from space 19456K, 6% used [0x00000000f0400000,0x00000000f054c388,0x00000000f1700000)
  to   space 19968K, 0% used [0x00000000f3d80000,0x00000000f3d80000,0x00000000f5100000)
 ParOldGen       total 182784K, used 58573K [0x00000000a0000000, 0x00000000ab280000, 0x00000000e0000000)
  object space 182784K, 32% used [0x00000000a0000000,0x00000000a3933778,0x00000000ab280000)
 Metaspace       used 94558K, capacity 98054K, committed 98944K, reserved 1134592K
  class space    used 12014K, capacity 12747K, committed 12928K, reserved 1048576K
Event: 2135.257 GC heap after
Heap after GC invocations=34 (full 4):
 PSYoungGen      total 317952K, used 8478K [0x00000000e0000000, 0x00000000f4c80000, 0x0000000100000000)
  eden space 302592K, 0% used [0x00000000e0000000,0x00000000e0000000,0x00000000f2780000)
  from space 15360K, 55% used [0x00000000f3d80000,0x00000000f45c7b00,0x00000000f4c80000)
  to   space 18944K, 0% used [0x00000000f2780000,0x00000000f2780000,0x00000000f3a00000)
 ParOldGen       total 182784K, used 58731K [0x00000000a0000000, 0x00000000ab280000, 0x00000000e0000000)
  object space 182784K, 32% used [0x00000000a0000000,0x00000000a395ae50,0x00000000ab280000)
 Metaspace       used 94558K, capacity 98054K, committed 98944K, reserved 1134592K
  class space    used 12014K, capacity 12747K, committed 12928K, reserved 1048576K
}
Event: 2139.237 GC heap before
{Heap before GC invocations=35 (full 4):
 PSYoungGen      total 317952K, used 311070K [0x00000000e0000000, 0x00000000f4c80000, 0x0000000100000000)
  eden space 302592K, 100% used [0x00000000e0000000,0x00000000f2780000,0x00000000f2780000)
  from space 15360K, 55% used [0x00000000f3d80000,0x00000000f45c7b00,0x00000000f4c80000)
  to   space 18944K, 0% used [0x00000000f2780000,0x00000000f2780000,0x00000000f3a00000)
 ParOldGen       total 182784K, used 58731K [0x00000000a0000000, 0x00000000ab280000, 0x00000000e0000000)
  object space 182784K, 32% used [0x00000000a0000000,0x00000000a395ae50,0x00000000ab280000)
 Metaspace       used 94865K, capacity 98332K, committed 99200K, reserved 1136640K
  class space    used 12054K, capacity 12756K, committed 12928K, reserved 1048576K
Event: 2139.286 GC heap after
Heap after GC invocations=35 (full 4):
 PSYoungGen      total 321536K, used 9167K [0x00000000e0000000, 0x00000000f7480000, 0x0000000100000000)
  eden space 302592K, 0% used [0x00000000e0000000,0x00000000e0000000,0x00000000f2780000)
  from space 18944K, 48% used [0x00000000f2780000,0x00000000f3073ea0,0x00000000f3a00000)
  to   space 18432K, 0% used [0x00000000f6280000,0x00000000f6280000,0x00000000f7480000)
 ParOldGen       total 182784K, used 58731K [0x00000000a0000000, 0x00000000ab280000, 0x00000000e0000000)
  object space 182784K, 32% used [0x00000000a0000000,0x00000000a395ae50,0x00000000ab280000)
 Metaspace       used 94865K, capacity 98332K, committed 99200K, reserved 1136640K
  class space    used 12054K, capacity 12756K, committed 12928K, reserved 1048576K
}
Event: 2143.486 GC heap before
{Heap before GC invocations=36 (full 4):
 PSYoungGen      total 321536K, used 311759K [0x00000000e0000000, 0x00000000f7480000, 0x0000000100000000)
  eden space 302592K, 100% used [0x00000000e0000000,0x00000000f2780000,0x00000000f2780000)
  from space 18944K, 48% used [0x00000000f2780000,0x00000000f3073ea0,0x00000000f3a00000)
  to   space 18432K, 0% used [0x00000000f6280000,0x00000000f6280000,0x00000000f7480000)
 ParOldGen       total 182784K, used 58731K [0x00000000a0000000, 0x00000000ab280000, 0x00000000e0000000)
  object space 182784K, 32% used [0x00000000a0000000,0x00000000a395ae50,0x00000000ab280000)
 Metaspace       used 94870K, capacity 98332K, committed 99200K, reserved 1136640K
  class space    used 12054K, capacity 12756K, committed 12928K, reserved 1048576K
Event: 2143.549 GC heap after
Heap after GC invocations=36 (full 4):
 PSYoungGen      total 363520K, used 8583K [0x00000000e0000000, 0x00000000f7400000, 0x0000000100000000)
  eden space 345600K, 0% used [0x00000000e0000000,0x00000000e0000000,0x00000000f5180000)
  from space 17920K, 47% used [0x00000000f6280000,0x00000000f6ae1e28,0x00000000f7400000)
  to   space 17408K, 0% used [0x00000000f5180000,0x00000000f5180000,0x00000000f6280000)
 ParOldGen       total 182784K, used 58731K [0x00000000a0000000, 0x00000000ab280000, 0x00000000e0000000)
  object space 182784K, 32% used [0x00000000a0000000,0x00000000a395ae50,0x00000000ab280000)
 Metaspace       used 94870K, capacity 98332K, committed 99200K, reserved 1136640K
  class space    used 12054K, capacity 12756K, committed 12928K, reserved 1048576K
}
Event: 2525.713 GC heap before
{Heap before GC invocations=37 (full 4):
 PSYoungGen      total 363520K, used 354183K [0x00000000e0000000, 0x00000000f7400000, 0x0000000100000000)
  eden space 345600K, 100% used [0x00000000e0000000,0x00000000f5180000,0x00000000f5180000)
  from space 17920K, 47% used [0x00000000f6280000,0x00000000f6ae1e28,0x00000000f7400000)
  to   space 17408K, 0% used [0x00000000f5180000,0x00000000f5180000,0x00000000f6280000)
 ParOldGen       total 182784K, used 58731K [0x00000000a0000000, 0x00000000ab280000, 0x00000000e0000000)
  object space 182784K, 32% used [0x00000000a0000000,0x00000000a395ae50,0x00000000ab280000)
 Metaspace       used 97220K, capacity 101090K, committed 101248K, reserved 1136640K
  class space    used 12380K, capacity 13148K, committed 13184K, reserved 1048576K
Event: 2525.743 GC heap after
Heap after GC invocations=37 (full 4):
 PSYoungGen      total 363008K, used 4850K [0x00000000e0000000, 0x00000000f9500000, 0x0000000100000000)
  eden space 345600K, 0% used [0x00000000e0000000,0x00000000e0000000,0x00000000f5180000)
  from space 17408K, 27% used [0x00000000f5180000,0x00000000f563cb68,0x00000000f6280000)
  to   space 16896K, 0% used [0x00000000f8480000,0x00000000f8480000,0x00000000f9500000)
 ParOldGen       total 182784K, used 58731K [0x00000000a0000000, 0x00000000ab280000, 0x00000000e0000000)
  object space 182784K, 32% used [0x00000000a0000000,0x00000000a395ae50,0x00000000ab280000)
 Metaspace       used 97220K, capacity 101090K, committed 101248K, reserved 1136640K
  class space    used 12380K, capacity 13148K, committed 13184K, reserved 1048576K
}
Event: 3795.638 GC heap before
{Heap before GC invocations=38 (full 4):
 PSYoungGen      total 363008K, used 350450K [0x00000000e0000000, 0x00000000f9500000, 0x0000000100000000)
  eden space 345600K, 100% used [0x00000000e0000000,0x00000000f5180000,0x00000000f5180000)
  from space 17408K, 27% used [0x00000000f5180000,0x00000000f563cb68,0x00000000f6280000)
  to   space 16896K, 0% used [0x00000000f8480000,0x00000000f8480000,0x00000000f9500000)
 ParOldGen       total 182784K, used 58731K [0x00000000a0000000, 0x00000000ab280000, 0x00000000e0000000)
  object space 182784K, 32% used [0x00000000a0000000,0x00000000a395ae50,0x00000000ab280000)
 Metaspace       used 98297K, capacity 102380K, committed 102656K, reserved 1138688K
  class space    used 12471K, capacity 13260K, committed 13312K, reserved 1048576K
Event: 3795.754 GC heap after
Heap after GC invocations=38 (full 4):
 PSYoungGen      total 387584K, used 11685K [0x00000000e0000000, 0x00000000f9100000, 0x0000000100000000)
  eden space 374784K, 0% used [0x00000000e0000000,0x00000000e0000000,0x00000000f6e00000)
  from space 12800K, 91% used [0x00000000f8480000,0x00000000f8fe95e0,0x00000000f9100000)
  to   space 17920K, 0% used [0x00000000f6e00000,0x00000000f6e00000,0x00000000f7f80000)
 ParOldGen       total 182784K, used 58739K [0x00000000a0000000, 0x00000000ab280000, 0x00000000e0000000)
  object space 182784K, 32% used [0x00000000a0000000,0x00000000a395ce50,0x00000000ab280000)
 Metaspace       used 98297K, capacity 102380K, committed 102656K, reserved 1138688K
  class space    used 12471K, capacity 13260K, committed 13312K, reserved 1048576K
}

Deoptimization events (10 events):
Event: 3794.201 Thread 0x0000000019192800 Uncommon trap: reason=bimorphic action=maybe_recompile pc=0x00000000038a9150 method=org.gradle.internal.fingerprint.impl.DefaultFileSystemLocationFingerprint.<init>(Ljava/lang/String;Lorg/gradle/internal/snapshot/FileSystemLocationSnapshot;)V @ 3
Event: 3794.201 Thread 0x0000000019192800 Uncommon trap: reason=bimorphic action=maybe_recompile pc=0x00000000038a9150 method=org.gradle.internal.fingerprint.impl.DefaultFileSystemLocationFingerprint.<init>(Ljava/lang/String;Lorg/gradle/internal/snapshot/FileSystemLocationSnapshot;)V @ 3
Event: 3794.291 Thread 0x0000000017e9d800 Uncommon trap: reason=bimorphic action=maybe_recompile pc=0x00000000038a9150 method=org.gradle.internal.fingerprint.impl.DefaultFileSystemLocationFingerprint.<init>(Ljava/lang/String;Lorg/gradle/internal/snapshot/FileSystemLocationSnapshot;)V @ 3
Event: 3794.292 Thread 0x0000000017e9d800 Uncommon trap: reason=bimorphic action=maybe_recompile pc=0x00000000038a9150 method=org.gradle.internal.fingerprint.impl.DefaultFileSystemLocationFingerprint.<init>(Ljava/lang/String;Lorg/gradle/internal/snapshot/FileSystemLocationSnapshot;)V @ 3
Event: 3796.112 Thread 0x0000000017e9d800 Uncommon trap: reason=class_check action=maybe_recompile pc=0x000000000661e970 method=org.gradle.internal.fingerprint.impl.DefaultCurrentFileCollectionFingerprint.visitChangesSince(Lorg/gradle/internal/fingerprint/FileCollectionFingerprint;Ljava/lang/Stri
Event: 3796.177 Thread 0x0000000017e9d800 Uncommon trap: reason=class_check action=maybe_recompile pc=0x0000000004579e9c method=java.lang.StringCoding.encode(Ljava/nio/charset/Charset;[CII)[B @ 1
Event: 3796.206 Thread 0x0000000017e9d800 Uncommon trap: reason=class_check action=maybe_recompile pc=0x0000000003876294 method=com.google.common.collect.ImmutableMap.copyOf(Ljava/lang/Iterable;)Lcom/google/common/collect/ImmutableMap; @ 53
Event: 3796.278 Thread 0x0000000017ea2800 Uncommon trap: reason=unstable_if action=reinterpret pc=0x00000000067fcb34 method=sun.nio.fs.WindowsPath.resolve(Ljava/nio/file/Path;)Lsun/nio/fs/WindowsPath; @ 18
Event: 3796.380 Thread 0x0000000017ea2800 Uncommon trap: reason=unstable_if action=reinterpret pc=0x00000000036fe2b4 method=com.android.tools.r8.graph.DexCode.f()Lcom/android/tools/r8/graph/n; @ 15
Event: 3796.710 Thread 0x0000000019192800 Uncommon trap: reason=class_check action=maybe_recompile pc=0x000000000661e970 method=org.gradle.internal.fingerprint.impl.DefaultCurrentFileCollectionFingerprint.visitChangesSince(Lorg/gradle/internal/fingerprint/FileCollectionFingerprint;Ljava/lang/Stri

Classes redefined (0 events):
No events

Internal exceptions (10 events):
Event: 2567.616 Thread 0x000000001918f800 Exception <a 'sun/nio/fs/WindowsException'> (0x00000000e529c850) thrown at [D:\src\AOSP-openjdk-cygwin\jdk8u\hotspot\src\share\vm\prims\jni.cpp, line 710]
Event: 2773.863 Thread 0x0000000017f90000 Exception <a 'java/io/IOException'> (0x00000000e5a81428) thrown at [D:\src\AOSP-openjdk-cygwin\jdk8u\hotspot\src\share\vm\prims\jni.cpp, line 710]
Event: 2813.859 Thread 0x0000000017f90000 Exception <a 'java/io/IOException'> (0x00000000e5ad6a78) thrown at [D:\src\AOSP-openjdk-cygwin\jdk8u\hotspot\src\share\vm\prims\jni.cpp, line 710]
Event: 3527.955 Thread 0x0000000017e9d800 Exception <a 'sun/nio/fs/WindowsException'> (0x00000000e6e8f668) thrown at [D:\src\AOSP-openjdk-cygwin\jdk8u\hotspot\src\share\vm\prims\jni.cpp, line 710]
Event: 3556.946 Thread 0x0000000017e9d800 Exception <a 'sun/nio/fs/WindowsException'> (0x00000000ee223a38) thrown at [D:\src\AOSP-openjdk-cygwin\jdk8u\hotspot\src\share\vm\prims\jni.cpp, line 710]
Event: 3781.090 Thread 0x0000000019192800 Exception <a 'sun/nio/fs/WindowsException'> (0x00000000ef4506e0) thrown at [D:\src\AOSP-openjdk-cygwin\jdk8u\hotspot\src\share\vm\prims\jni.cpp, line 710]
Event: 3792.705 Thread 0x0000000019192800 Implicit null exception at 0x0000000004f04abd to 0x0000000004f088f9
Event: 3793.248 Thread 0x0000000019192800 Implicit null exception at 0x000000000675dfd8 to 0x000000000675e00e
Event: 3796.327 Thread 0x0000000017ea2800 Exception <a 'sun/nio/fs/WindowsException'> (0x00000000e08211e8) thrown at [D:\src\AOSP-openjdk-cygwin\jdk8u\hotspot\src\share\vm\prims\jni.cpp, line 710]
Event: 3796.390 Thread 0x0000000017ea2800 Exception <a 'sun/nio/fs/WindowsException'> (0x00000000e08c6450) thrown at [D:\src\AOSP-openjdk-cygwin\jdk8u\hotspot\src\share\vm\prims\jni.cpp, line 710]

Events (10 events):
Event: 3796.723 Thread 0x0000000019192800 DEOPT PACKING pc=0x0000000004b9a3e9 sp=0x000000002d498ce0
Event: 3796.723 Thread 0x0000000019192800 DEOPT UNPACKING pc=0x0000000002bf71d0 sp=0x000000002d498a28 mode 0
Event: 3796.726 Executing VM operation: RevokeBias
Event: 3796.726 Executing VM operation: RevokeBias done
Event: 3797.077 Executing VM operation: RevokeBias
Event: 3797.078 Executing VM operation: RevokeBias done
Event: 3797.144 Executing VM operation: RevokeBias
Event: 3797.145 Executing VM operation: RevokeBias done
Event: 3797.155 Executing VM operation: RevokeBias
Event: 3797.156 Executing VM operation: RevokeBias done


Dynamic libraries:
0x00007ff6870c0000 - 0x00007ff6870f1000 	C:\Program Files\Android\Android Studio\jre\bin\java.exe
0x00007ffe52880000 - 0x00007ffe52a61000 	C:\WINDOWS\SYSTEM32\ntdll.dll
0x00007ffe2f9d0000 - 0x00007ffe2f9e5000 	C:\Program Files\AVAST Software\Avast\aswhook.dll
0x00007ffe50040000 - 0x00007ffe500f1000 	C:\WINDOWS\System32\KERNEL32.DLL
0x00007ffe4fa40000 - 0x00007ffe4fcb3000 	C:\WINDOWS\System32\KERNELBASE.dll
0x00007ffe52500000 - 0x00007ffe525a1000 	C:\WINDOWS\System32\ADVAPI32.dll
0x00007ffe50380000 - 0x00007ffe5041e000 	C:\WINDOWS\System32\msvcrt.dll
0x00007ffe526e0000 - 0x00007ffe5273b000 	C:\WINDOWS\System32\sechost.dll
0x00007ffe50170000 - 0x00007ffe50294000 	C:\WINDOWS\System32\RPCRT4.dll
0x00007ffe504d0000 - 0x00007ffe50660000 	C:\WINDOWS\System32\USER32.dll
0x00007ffe4fa20000 - 0x00007ffe4fa40000 	C:\WINDOWS\System32\win32u.dll
0x00007ffe527c0000 - 0x00007ffe527e8000 	C:\WINDOWS\System32\GDI32.dll
0x00007ffe4eec0000 - 0x00007ffe4f051000 	C:\WINDOWS\System32\gdi32full.dll
0x00007ffe4f980000 - 0x00007ffe4fa1f000 	C:\WINDOWS\System32\msvcp_win.dll
0x00007ffe4f880000 - 0x00007ffe4f978000 	C:\WINDOWS\System32\ucrtbase.dll
0x00007ffe3b660000 - 0x00007ffe3b8c9000 	C:\WINDOWS\WinSxS\amd64_microsoft.windows.common-controls_6595b64144ccf1df_6.0.17134.950_none_fb3da4273069d3e0\COMCTL32.dll
0x00007ffe4fd10000 - 0x00007ffe50032000 	C:\WINDOWS\System32\combase.dll
0x00007ffe4ec50000 - 0x00007ffe4ecc9000 	C:\WINDOWS\System32\bcryptPrimitives.dll
0x00007ffe526b0000 - 0x00007ffe526dd000 	C:\WINDOWS\System32\IMM32.DLL
0x00000000733e0000 - 0x00000000734b2000 	C:\Program Files\Android\Android Studio\jre\jre\bin\msvcr100.dll
0x00000000735a0000 - 0x0000000073de6000 	C:\Program Files\Android\Android Studio\jre\jre\bin\server\jvm.dll
0x00007ffe525b0000 - 0x00007ffe525b8000 	C:\WINDOWS\System32\PSAPI.DLL
0x00007ffe3f450000 - 0x00007ffe3f459000 	C:\WINDOWS\SYSTEM32\WSOCK32.dll
0x00007ffe50100000 - 0x00007ffe5016c000 	C:\WINDOWS\System32\WS2_32.dll
0x00007ffe4ccc0000 - 0x00007ffe4cce3000 	C:\WINDOWS\SYSTEM32\WINMM.dll
0x00007ffe45670000 - 0x00007ffe4567a000 	C:\WINDOWS\SYSTEM32\VERSION.dll
0x00007ffe4cc90000 - 0x00007ffe4ccba000 	C:\WINDOWS\SYSTEM32\WINMMBASE.dll
0x00007ffe4fcc0000 - 0x00007ffe4fd09000 	C:\WINDOWS\System32\cfgmgr32.dll
0x00007ffe47b40000 - 0x00007ffe47b4f000 	C:\Program Files\Android\Android Studio\jre\jre\bin\verify.dll
0x00007ffe419e0000 - 0x00007ffe41a09000 	C:\Program Files\Android\Android Studio\jre\jre\bin\java.dll
0x00007ffe3ffa0000 - 0x00007ffe3ffb6000 	C:\Program Files\Android\Android Studio\jre\jre\bin\zip.dll
0x00007ffe50660000 - 0x00007ffe51aa0000 	C:\WINDOWS\System32\SHELL32.dll
0x00007ffe50420000 - 0x00007ffe504c9000 	C:\WINDOWS\System32\shcore.dll
0x00007ffe4f060000 - 0x00007ffe4f76d000 	C:\WINDOWS\System32\windows.storage.dll
0x00007ffe521f0000 - 0x00007ffe52241000 	C:\WINDOWS\System32\shlwapi.dll
0x00007ffe4eba0000 - 0x00007ffe4ebb1000 	C:\WINDOWS\System32\kernel.appcore.dll
0x00007ffe4ebc0000 - 0x00007ffe4ebdf000 	C:\WINDOWS\System32\profapi.dll
0x00007ffe4ebe0000 - 0x00007ffe4ec2c000 	C:\WINDOWS\System32\powrprof.dll
0x00007ffe4eb90000 - 0x00007ffe4eb9a000 	C:\WINDOWS\System32\FLTLIB.DLL
0x00007ffe483d0000 - 0x00007ffe483ea000 	C:\Program Files\Android\Android Studio\jre\jre\bin\net.dll
0x00007ffe4e410000 - 0x00007ffe4e476000 	C:\WINDOWS\system32\mswsock.dll
0x00007ffe483b0000 - 0x00007ffe483c1000 	C:\Program Files\Android\Android Studio\jre\jre\bin\nio.dll
0x00007ffe420b0000 - 0x00007ffe420d6000 	C:\Users\Rodrigo\.gradle\native\29\windows-amd64\native-platform.dll
0x00007ffe483a0000 - 0x00007ffe483ad000 	C:\Program Files\Android\Android Studio\jre\jre\bin\management.dll
0x00007ffe4e5c0000 - 0x00007ffe4e5d7000 	C:\WINDOWS\SYSTEM32\CRYPTSP.dll
0x00007ffe4dfc0000 - 0x00007ffe4dff3000 	C:\WINDOWS\system32\rsaenh.dll
0x00007ffe4e6f0000 - 0x00007ffe4e715000 	C:\WINDOWS\SYSTEM32\bcrypt.dll
0x00007ffe4ea90000 - 0x00007ffe4eab8000 	C:\WINDOWS\SYSTEM32\USERENV.dll
0x00007ffe4e5e0000 - 0x00007ffe4e5eb000 	C:\WINDOWS\SYSTEM32\CRYPTBASE.dll
0x00007ffe4e160000 - 0x00007ffe4e198000 	C:\WINDOWS\SYSTEM32\IPHLPAPI.DLL
0x00007ffe524d0000 - 0x00007ffe524d8000 	C:\WINDOWS\System32\NSI.dll
0x00007ffe44020000 - 0x00007ffe44036000 	C:\WINDOWS\SYSTEM32\dhcpcsvc6.DLL
0x00007ffe44000000 - 0x00007ffe4401a000 	C:\WINDOWS\SYSTEM32\dhcpcsvc.DLL
0x00007ffe40fe0000 - 0x00007ffe41004000 	C:\Program Files\Android\Android Studio\jre\jre\bin\sunec.dll
0x00007ffe4e1b0000 - 0x00007ffe4e26e000 	C:\WINDOWS\SYSTEM32\DNSAPI.dll
0x00007ffe3fbd0000 - 0x00007ffe3fbda000 	C:\Windows\System32\rasadhlp.dll
0x00007ffe40280000 - 0x00007ffe402f2000 	C:\WINDOWS\System32\fwpuclnt.dll
0x00007ffe41cf0000 - 0x00007ffe41cfb000 	C:\Program Files\Android\Android Studio\jre\jre\bin\sunmscapi.dll
0x00007ffe4ecd0000 - 0x00007ffe4eeb2000 	C:\WINDOWS\System32\CRYPT32.dll
0x00007ffe4ec30000 - 0x00007ffe4ec42000 	C:\WINDOWS\System32\MSASN1.dll
0x00007ffe1ade0000 - 0x00007ffe1af7c000 	C:\Program Files\Android\Android Studio\jre\jre\bin\awt.dll
0x00007ffe502a0000 - 0x00007ffe50362000 	C:\WINDOWS\System32\OLEAUT32.dll
0x00007ffe4d2e0000 - 0x00007ffe4d309000 	C:\WINDOWS\SYSTEM32\dwmapi.dll
0x00007ffe4bd60000 - 0x00007ffe4c327000 	C:\WINDOWS\SYSTEM32\d2d1.dll
0x00007ffe4ced0000 - 0x00007ffe4cf5b000 	C:\WINDOWS\SYSTEM32\apphelp.dll
0x00007ffe4d050000 - 0x00007ffe4d0e8000 	C:\WINDOWS\system32\uxtheme.dll

VM Arguments:
jvm_args: -Xmx1536m -Dfile.encoding=windows-1252 -Duser.country=BR -Duser.language=pt -Duser.variant 
java_command: org.gradle.launcher.daemon.bootstrap.GradleDaemon 5.4.1
java_class_path (initial): C:\Users\Rodrigo\.gradle\wrapper\dists\gradle-5.4.1-all\3221gyojl5jsh0helicew7rwx\gradle-5.4.1\lib\gradle-launcher-5.4.1.jar
Launcher Type: SUN_STANDARD

Environment Variables:
JAVA_HOME=C:\Program Files\Java\jdk1.8.0_191
PATH=C:\LPI4\apache-maven-3.6.3\bin;C:\WINDOWS\system32;C:\WINDOWS;C:\WINDOWS\System32\Wbem;C:\WINDOWS\System32\WindowsPowerShell\v1.0\;C:\WINDOWS\System32\OpenSSH\;C:\xampp\php\php.exe;C:\Program Files\nodejs\;C:\Program Files\Git\cmd;%JAVA_HOME%\bin;%CATALINA_HOME%\bin;C:\LPI4\apache-maven-3.6.3\bin;C:\Users\Rodrigo\AppData\Local\Programs\Microsoft VS Code\bin;C:\Users\Rodrigo\AppData\Roaming\npm;C:\Program Files\Java\jdk1.8.0_191\bin;C:\LPI4\apache-tomcat-9.0.30-windows-x64\apache-tomcat-9.0.30\bin;
USERNAME=Rodrigo
OS=Windows_NT
PROCESSOR_IDENTIFIER=Intel64 Family 6 Model 142 Stepping 9, GenuineIntel



---------------  S Y S T E M  ---------------

OS: Windows 10.0 , 64 bit Build 17134 (10.0.17134.753)

CPU:total 2 (initial active 2) (2 cores per cpu, 1 threads per core) family 6 model 142 stepping 9, cmov, cx8, fxsr, mmx, sse, sse2, sse3, ssse3, sse4.1, sse4.2, popcnt, aes, clmul, erms, 3dnowpref, lzcnt, tsc, tscinvbit

Memory: 4k page, physical 8296568k(602252k free), swap 33462392k(4216k free)

vm_info: OpenJDK 64-Bit Server VM (25.202-b03) for windows-amd64 JRE (1.8.0_202-release-1483-b03), built by "builder" with MS VC++ 10.0 (VS2010)

time: Thu Apr 02 09:25:42 2020
timezone: Hora Padrão Brasil Central
elapsed time: 3798 seconds (0d 1h 3m 18s)

