#
# There is insufficient memory for the Java Runtime Environment to continue.
# Native memory allocation (malloc) failed to allocate 963104 bytes for Chunk::new
# Possible reasons:
#   The system is out of physical RAM or swap space
#   The process is running with CompressedOops enabled, and the Java Heap may be blocking the growth of the native heap
# Possible solutions:
#   Reduce memory load on the system
#   Increase physical memory or swap space
#   Check if swap backing store is full
#   Decrease Java heap size (-Xmx/-Xms)
#   Decrease number of Java threads
#   Decrease Java thread stack sizes (-Xss)
#   Set larger code cache with -XX:ReservedCodeCacheSize=
#   JVM is running with Unscaled Compressed Oops mode in which the Java heap is
#     placed in the first 4GB address space. The Java Heap base address is the
#     maximum limit for the native heap growth. Please use -XX:HeapBaseMinAddress
#     to set the Java Heap base and to place the Java Heap above 4GB virtual address.
# This output file may be truncated or incomplete.
#
#  Out of Memory Error (allocation.cpp:389), pid=13976, tid=0x0000000000001654
#
# JRE version: OpenJDK Runtime Environment (8.0_202-b03) (build 1.8.0_202-release-1483-b03)
# Java VM: OpenJDK 64-Bit Server VM (25.202-b03 mixed mode windows-amd64 compressed oops)
# Failed to write core dump. Minidumps are not enabled by default on client versions of Windows
#

---------------  T H R E A D  ---------------

Current thread (0x0000000016239800):  JavaThread "C2 CompilerThread0" daemon [_thread_in_native, id=5716, stack(0x0000000017280000,0x0000000017380000)]

Stack: [0x0000000017280000,0x0000000017380000]
[error occurred during error reporting (printing stack bounds), id 0xc0000005]

Native frames: (J=compiled Java code, j=interpreted, Vv=VM code, C=native code)


Current CompileTask:
C2:1708794 9899       4       com.android.tools.r8.dex.DexParser::f (631 bytes)


---------------  P R O C E S S  ---------------

Java Threads: ( => current thread )
  0x000000001baeb000 JavaThread "ForkJoinPool-3-worker-0" daemon [_thread_blocked, id=10336, stack(0x0000000023d00000,0x0000000023e00000)]
  0x000000001baef800 JavaThread "ForkJoinPool-3-worker-1" daemon [_thread_blocked, id=200, stack(0x0000000023c00000,0x0000000023d00000)]
  0x000000001baed800 JavaThread "WorkerExecutor Queue Thread 3" [_thread_blocked, id=13632, stack(0x00000000236d0000,0x00000000237d0000)]
  0x000000001baef000 JavaThread "WorkerExecutor Queue Thread 2" [_thread_in_native, id=7324, stack(0x00000000231d0000,0x00000000232d0000)]
  0x000000001baec800 JavaThread "Cache worker for Java compile cache (C:\Users\Rodrigo\AndroidStudioProjects\ExemploHttp\.gradle\5.4.1\javaCompile)" [_thread_blocked, id=3628, stack(0x0000000022fd0000,0x00000000230d0000)]
  0x000000001849c000 JavaThread "Cache worker for Java compile cache (C:\Users\Rodrigo\.gradle\caches\5.4.1\javaCompile)" [_thread_blocked, id=6364, stack(0x0000000022ed0000,0x0000000022fd0000)]
  0x00000000184a0000 JavaThread "Cache worker for execution history cache (C:\Users\Rodrigo\AndroidStudioProjects\ExemploHttp\.gradle\5.4.1\executionHistory)" [_thread_blocked, id=7872, stack(0x0000000022dd0000,0x0000000022ed0000)]
  0x000000001c027000 JavaThread "Execution worker for ':'" [_thread_blocked, id=9360, stack(0x0000000022cd0000,0x0000000022dd0000)]
  0x000000001c026000 JavaThread "Cache worker for file content cache (C:\Users\Rodrigo\AndroidStudioProjects\ExemploHttp\.gradle\5.4.1\fileContent)" [_thread_blocked, id=11324, stack(0x0000000022bd0000,0x0000000022cd0000)]
  0x000000001c025800 JavaThread "Cache worker for file content cache (C:\Users\Rodrigo\.gradle\caches\5.4.1\fileContent)" [_thread_blocked, id=12036, stack(0x0000000022ad0000,0x0000000022bd0000)]
  0x000000001c024800 JavaThread "Cache worker for Build Output Cleanup Cache (C:\Users\Rodrigo\AndroidStudioProjects\ExemploHttp\.gradle\buildOutputCleanup)" [_thread_blocked, id=10292, stack(0x00000000229d0000,0x0000000022ad0000)]
  0x000000001c024000 JavaThread "pool-2-thread-1" [_thread_blocked, id=7952, stack(0x00000000228d0000,0x00000000229d0000)]
  0x000000001c023000 JavaThread "Build operations Thread 2" [_thread_blocked, id=1332, stack(0x00000000227d0000,0x00000000228d0000)]
  0x000000001c01b800 JavaThread "Build operations" [_thread_blocked, id=7036, stack(0x00000000226d0000,0x00000000227d0000)]
  0x000000001c022800 JavaThread "Cache worker for cache directory md-rule (C:\Users\Rodrigo\.gradle\caches\5.4.1\md-rule)" [_thread_blocked, id=4684, stack(0x00000000225d0000,0x00000000226d0000)]
  0x000000001c01a800 JavaThread "Cache worker for cache directory md-supplier (C:\Users\Rodrigo\.gradle\caches\5.4.1\md-supplier)" [_thread_blocked, id=8864, stack(0x00000000224d0000,0x00000000225d0000)]
  0x000000001c021800 JavaThread "Cache worker for file hash cache (C:\Users\Rodrigo\AndroidStudioProjects\ExemploHttp\.gradle\5.4.1\fileHashes)" [_thread_blocked, id=380, stack(0x00000000223d0000,0x00000000224d0000)]
  0x000000001c021000 JavaThread "Thread-28" [_thread_blocked, id=6240, stack(0x00000000222d0000,0x00000000223d0000)]
  0x000000001c020000 JavaThread "Stdin handler" [_thread_blocked, id=2908, stack(0x00000000221d0000,0x00000000222d0000)]
  0x000000001c017800 JavaThread "Asynchronous log dispatcher for DefaultDaemonConnection: socket connection from /127.0.0.1:54214 to /127.0.0.1:54402" [_thread_blocked, id=3860, stack(0x00000000220d0000,0x00000000221d0000)]
  0x000000001c018800 JavaThread "Daemon worker Thread 2" [_thread_blocked, id=14280, stack(0x0000000021fd0000,0x00000000220d0000)]
  0x000000001c01e800 JavaThread "Cancel handler" [_thread_blocked, id=11236, stack(0x0000000021ed0000,0x0000000021fd0000)]
  0x000000001c01d800 JavaThread "Handler for socket connection from /127.0.0.1:54214 to /127.0.0.1:54402" [_thread_in_native, id=5588, stack(0x0000000021dd0000,0x0000000021ed0000)]
  0x000000001c01a000 JavaThread "Daemon Thread 2" [_thread_blocked, id=1280, stack(0x0000000020c50000,0x0000000020d50000)]
  0x000000001c01f800 JavaThread "Memory manager" [_thread_blocked, id=10440, stack(0x0000000020350000,0x0000000020450000)]
  0x000000001c01d000 JavaThread "Cache worker for execution history cache (C:\Users\Rodrigo\.gradle\caches\5.4.1\executionHistory)" [_thread_blocked, id=12596, stack(0x000000001db80000,0x000000001dc80000)]
  0x000000001849a000 JavaThread "Cache worker for journal cache (C:\Users\Rodrigo\.gradle\caches\journal-1)" [_thread_blocked, id=3328, stack(0x000000001a6e0000,0x000000001a7e0000)]
  0x000000001849e800 JavaThread "File lock request listener" [_thread_in_native, id=5600, stack(0x000000001a5e0000,0x000000001a6e0000)]
  0x00000000181d6000 JavaThread "Cache worker for file hash cache (C:\Users\Rodrigo\.gradle\caches\5.4.1\fileHashes)" [_thread_blocked, id=12024, stack(0x000000001a4e0000,0x000000001a5e0000)]
  0x00000000176cc000 JavaThread "Daemon periodic checks" [_thread_blocked, id=2892, stack(0x0000000019ae0000,0x0000000019be0000)]
  0x0000000017d7a800 JavaThread "Incoming local TCP Connector on port 54214" [_thread_in_native, id=6580, stack(0x0000000019890000,0x0000000019990000)]
  0x0000000018dbf000 JavaThread "Daemon health stats" [_thread_blocked, id=8320, stack(0x0000000019250000,0x0000000019350000)]
  0x000000001629b000 JavaThread "Service Thread" daemon [_thread_blocked, id=11396, stack(0x0000000017480000,0x0000000017580000)]
  0x000000001623b800 JavaThread "C1 CompilerThread1" daemon [_thread_blocked, id=4304, stack(0x0000000017380000,0x0000000017480000)]
=>0x0000000016239800 JavaThread "C2 CompilerThread0" daemon [_thread_in_native, id=5716, stack(0x0000000017280000,0x0000000017380000)]
  0x0000000016237000 JavaThread "Attach Listener" daemon [_thread_blocked, id=9348, stack(0x0000000017180000,0x0000000017280000)]
  0x0000000016234000 JavaThread "Signal Dispatcher" daemon [_thread_blocked, id=12516, stack(0x0000000017080000,0x0000000017180000)]
  0x0000000002b01800 JavaThread "Finalizer" daemon [_thread_blocked, id=6380, stack(0x0000000016e70000,0x0000000016f70000)]
  0x0000000016227000 JavaThread "Reference Handler" daemon [_thread_blocked, id=11380, stack(0x0000000016d70000,0x0000000016e70000)]
  0x00000000028be800 JavaThread "main" [_thread_blocked, id=5404, stack(0x00000000028c0000,0x00000000029c0000)]

Other Threads:
  0x0000000016204800 VMThread [stack: 0x0000000016c70000,0x0000000016d70000] [id=3348]
  0x000000001629d800 WatcherThread [stack: 0x0000000017580000,0x0000000017680000] [id=12492]

VM state:not at safepoint (normal execution)

VM Mutex/Monitor currently owned by a thread: None

heap address: 0x00000000a0000000, size: 1536 MB, Compressed Oops mode: 32-bit
Narrow klass base: 0x0000000000000000, Narrow klass shift: 3
Compressed class space size: 1073741824 Address: 0x0000000100000000

Heap:
 PSYoungGen      total 134656K, used 45937K [0x00000000e0000000, 0x00000000eae00000, 0x0000000100000000)
  eden space 115200K, 22% used [0x00000000e0000000,0x00000000e19df1a8,0x00000000e7080000)
  from space 19456K, 99% used [0x00000000e8b80000,0x00000000e9e7d5b8,0x00000000e9e80000)
  to   space 27648K, 0% used [0x00000000e7080000,0x00000000e7080000,0x00000000e8b80000)
 ParOldGen       total 147968K, used 46529K [0x00000000a0000000, 0x00000000a9080000, 0x00000000e0000000)
  object space 147968K, 31% used [0x00000000a0000000,0x00000000a2d706e8,0x00000000a9080000)
 Metaspace       used 76861K, capacity 79518K, committed 79704K, reserved 1118208K
  class space    used 10214K, capacity 10758K, committed 10880K, reserved 1048576K

Card table byte_map: [0x0000000011ed0000,0x00000000121e0000] byte_map_base: 0x00000000119d0000

Marking Bits: (ParMarkBitMap*) 0x000000006a809f30
 Begin Bits: [0x00000000125e0000, 0x0000000013de0000)
 End Bits:   [0x0000000013de0000, 0x00000000155e0000)

Polling page: 0x0000000002830000

CodeCache: size=245760Kb used=29337Kb max_used=29337Kb free=216422Kb
 bounds [0x0000000002b10000, 0x00000000047e0000, 0x0000000011b10000]
 total_blobs=9958 nmethods=9127 adapters=745
 compilation: enabled

Compilation events (10 events):
Event: 1707.691 Thread 0x000000001623b800 nmethod 10087 0x00000000047924d0 code [0x0000000004792680, 0x0000000004792a38]
Event: 1707.691 Thread 0x000000001623b800 10081       2       java.lang.invoke.LambdaForm$DMH/1715248762::invokeStatic_LI_L (15 bytes)
Event: 1707.691 Thread 0x000000001623b800 nmethod 10081 0x0000000004792c50 code [0x0000000004792dc0, 0x0000000004792f58]
Event: 1707.691 Thread 0x000000001623b800 10080       2       java.lang.invoke.LambdaForm$MH/1921471850::linkToTargetMethod (10 bytes)
Event: 1707.691 Thread 0x000000001623b800 nmethod 10080 0x0000000004793050 code [0x00000000047931c0, 0x0000000004793358]
Event: 1707.691 Thread 0x000000001623b800 10089       2       java.util.concurrent.ForkJoinTask$AdaptedRunnableAction::getRawResult (5 bytes)
Event: 1707.692 Thread 0x000000001623b800 nmethod 10089 0x0000000004793450 code [0x00000000047935a0, 0x00000000047936f0]
Event: 1707.692 Thread 0x000000001623b800 10083       2       com.android.tools.r8.ir.conversion.IRConverter$$Lambda$366/2090779478::run (12 bytes)
Event: 1707.692 Thread 0x000000001623b800 nmethod 10083 0x0000000004793750 code [0x00000000047938c0, 0x0000000004793a48]
Event: 1707.692 Thread 0x000000001623b800 10084       2       com.android.tools.r8.ir.conversion.IRConverter::d (6 bytes)

GC Heap History (10 events):
Event: 66.379 GC heap before
{Heap before GC invocations=17 (full 2):
 PSYoungGen      total 103424K, used 75233K [0x00000000e0000000, 0x00000000e7980000, 0x0000000100000000)
  eden space 91136K, 69% used [0x00000000e0000000,0x00000000e3d7c7e0,0x00000000e5900000)
  from space 12288K, 99% used [0x00000000e6800000,0x00000000e73fbc58,0x00000000e7400000)
  to   space 15360K, 0% used [0x00000000e5900000,0x00000000e5900000,0x00000000e6800000)
 ParOldGen       total 100864K, used 21737K [0x00000000a0000000, 0x00000000a6280000, 0x00000000e0000000)
  object space 100864K, 21% used [0x00000000a0000000,0x00000000a153a410,0x00000000a6280000)
 Metaspace       used 57369K, capacity 58946K, committed 59028K, reserved 1099776K
  class space    used 7767K, capacity 8140K, committed 8192K, reserved 1048576K
Event: 66.481 GC heap after
Heap after GC invocations=17 (full 2):
 PSYoungGen      total 106496K, used 15358K [0x00000000e0000000, 0x00000000e9300000, 0x0000000100000000)
  eden space 91136K, 0% used [0x00000000e0000000,0x00000000e0000000,0x00000000e5900000)
  from space 15360K, 99% used [0x00000000e5900000,0x00000000e67ffb08,0x00000000e6800000)
  to   space 17920K, 0% used [0x00000000e8180000,0x00000000e8180000,0x00000000e9300000)
 ParOldGen       total 100864K, used 23695K [0x00000000a0000000, 0x00000000a6280000, 0x00000000e0000000)
  object space 100864K, 23% used [0x00000000a0000000,0x00000000a1723c08,0x00000000a6280000)
 Metaspace       used 57369K, capacity 58946K, committed 59028K, reserved 1099776K
  class space    used 7767K, capacity 8140K, committed 8192K, reserved 1048576K
}
Event: 66.481 GC heap before
{Heap before GC invocations=18 (full 3):
 PSYoungGen      total 106496K, used 15358K [0x00000000e0000000, 0x00000000e9300000, 0x0000000100000000)
  eden space 91136K, 0% used [0x00000000e0000000,0x00000000e0000000,0x00000000e5900000)
  from space 15360K, 99% used [0x00000000e5900000,0x00000000e67ffb08,0x00000000e6800000)
  to   space 17920K, 0% used [0x00000000e8180000,0x00000000e8180000,0x00000000e9300000)
 ParOldGen       total 100864K, used 23695K [0x00000000a0000000, 0x00000000a6280000, 0x00000000e0000000)
  object space 100864K, 23% used [0x00000000a0000000,0x00000000a1723c08,0x00000000a6280000)
 Metaspace       used 57369K, capacity 58946K, committed 59028K, reserved 1099776K
  class space    used 7767K, capacity 8140K, committed 8192K, reserved 1048576K
Event: 67.360 GC heap after
Heap after GC invocations=18 (full 3):
 PSYoungGen      total 106496K, used 0K [0x00000000e0000000, 0x00000000e9300000, 0x0000000100000000)
  eden space 91136K, 0% used [0x00000000e0000000,0x00000000e0000000,0x00000000e5900000)
  from space 15360K, 0% used [0x00000000e5900000,0x00000000e5900000,0x00000000e6800000)
  to   space 17920K, 0% used [0x00000000e8180000,0x00000000e8180000,0x00000000e9300000)
 ParOldGen       total 147968K, used 31366K [0x00000000a0000000, 0x00000000a9080000, 0x00000000e0000000)
  object space 147968K, 21% used [0x00000000a0000000,0x00000000a1ea1b20,0x00000000a9080000)
 Metaspace       used 57368K, capacity 58940K, committed 59028K, reserved 1099776K
  class space    used 7766K, capacity 8139K, committed 8192K, reserved 1048576K
}
Event: 1682.356 GC heap before
{Heap before GC invocations=19 (full 3):
 PSYoungGen      total 106496K, used 91136K [0x00000000e0000000, 0x00000000e9300000, 0x0000000100000000)
  eden space 91136K, 100% used [0x00000000e0000000,0x00000000e5900000,0x00000000e5900000)
  from space 15360K, 0% used [0x00000000e5900000,0x00000000e5900000,0x00000000e6800000)
  to   space 17920K, 0% used [0x00000000e8180000,0x00000000e8180000,0x00000000e9300000)
 ParOldGen       total 147968K, used 31366K [0x00000000a0000000, 0x00000000a9080000, 0x00000000e0000000)
  object space 147968K, 21% used [0x00000000a0000000,0x00000000a1ea1b20,0x00000000a9080000)
 Metaspace       used 63213K, capacity 65060K, committed 65368K, reserved 1105920K
  class space    used 8291K, capacity 8713K, committed 8832K, reserved 1048576K
Event: 1682.530 GC heap after
Heap after GC invocations=19 (full 3):
 PSYoungGen      total 121344K, used 9028K [0x00000000e0000000, 0x00000000e8d00000, 0x0000000100000000)
  eden space 109568K, 0% used [0x00000000e0000000,0x00000000e0000000,0x00000000e6b00000)
  from space 11776K, 76% used [0x00000000e8180000,0x00000000e8a511e8,0x00000000e8d00000)
  to   space 17408K, 0% used [0x00000000e6b00000,0x00000000e6b00000,0x00000000e7c00000)
 ParOldGen       total 147968K, used 31374K [0x00000000a0000000, 0x00000000a9080000, 0x00000000e0000000)
  object space 147968K, 21% used [0x00000000a0000000,0x00000000a1ea3b20,0x00000000a9080000)
 Metaspace       used 63213K, capacity 65060K, committed 65368K, reserved 1105920K
  class space    used 8291K, capacity 8713K, committed 8832K, reserved 1048576K
}
Event: 1695.993 GC heap before
{Heap before GC invocations=20 (full 3):
 PSYoungGen      total 121344K, used 118596K [0x00000000e0000000, 0x00000000e8d00000, 0x0000000100000000)
  eden space 109568K, 100% used [0x00000000e0000000,0x00000000e6b00000,0x00000000e6b00000)
  from space 11776K, 76% used [0x00000000e8180000,0x00000000e8a511e8,0x00000000e8d00000)
  to   space 17408K, 0% used [0x00000000e6b00000,0x00000000e6b00000,0x00000000e7c00000)
 ParOldGen       total 147968K, used 31374K [0x00000000a0000000, 0x00000000a9080000, 0x00000000e0000000)
  object space 147968K, 21% used [0x00000000a0000000,0x00000000a1ea3b20,0x00000000a9080000)
 Metaspace       used 68380K, capacity 70312K, committed 70616K, reserved 1110016K
  class space    used 8934K, capacity 9403K, committed 9472K, reserved 1048576K
Event: 1696.074 GC heap after
Heap after GC invocations=20 (full 3):
 PSYoungGen      total 126976K, used 17404K [0x00000000e0000000, 0x00000000e9e80000, 0x0000000100000000)
  eden space 109568K, 0% used [0x00000000e0000000,0x00000000e0000000,0x00000000e6b00000)
  from space 17408K, 99% used [0x00000000e6b00000,0x00000000e7bff1d0,0x00000000e7c00000)
  to   space 19456K, 0% used [0x00000000e8b80000,0x00000000e8b80000,0x00000000e9e80000)
 ParOldGen       total 147968K, used 31682K [0x00000000a0000000, 0x00000000a9080000, 0x00000000e0000000)
  object space 147968K, 21% used [0x00000000a0000000,0x00000000a1ef0a60,0x00000000a9080000)
 Metaspace       used 68380K, capacity 70312K, committed 70616K, reserved 1110016K
  class space    used 8934K, capacity 9403K, committed 9472K, reserved 1048576K
}
Event: 1706.610 GC heap before
{Heap before GC invocations=21 (full 3):
 PSYoungGen      total 126976K, used 126972K [0x00000000e0000000, 0x00000000e9e80000, 0x0000000100000000)
  eden space 109568K, 100% used [0x00000000e0000000,0x00000000e6b00000,0x00000000e6b00000)
  from space 17408K, 99% used [0x00000000e6b00000,0x00000000e7bff1d0,0x00000000e7c00000)
  to   space 19456K, 0% used [0x00000000e8b80000,0x00000000e8b80000,0x00000000e9e80000)
 ParOldGen       total 147968K, used 31682K [0x00000000a0000000, 0x00000000a9080000, 0x00000000e0000000)
  object space 147968K, 21% used [0x00000000a0000000,0x00000000a1ef0a60,0x00000000a9080000)
 Metaspace       used 76598K, capacity 79196K, committed 79448K, reserved 1118208K
  class space    used 10212K, capacity 10757K, committed 10880K, reserved 1048576K
Event: 1706.682 GC heap after
Heap after GC invocations=21 (full 3):
 PSYoungGen      total 134656K, used 19445K [0x00000000e0000000, 0x00000000eae00000, 0x0000000100000000)
  eden space 115200K, 0% used [0x00000000e0000000,0x00000000e0000000,0x00000000e7080000)
  from space 19456K, 99% used [0x00000000e8b80000,0x00000000e9e7d5b8,0x00000000e9e80000)
  to   space 27648K, 0% used [0x00000000e7080000,0x00000000e7080000,0x00000000e8b80000)
 ParOldGen       total 147968K, used 46529K [0x00000000a0000000, 0x00000000a9080000, 0x00000000e0000000)
  object space 147968K, 31% used [0x00000000a0000000,0x00000000a2d706e8,0x00000000a9080000)
 Metaspace       used 76598K, capacity 79196K, committed 79448K, reserved 1118208K
  class space    used 10212K, capacity 10757K, committed 10880K, reserved 1048576K
}

Deoptimization events (10 events):
Event: 1701.572 Thread 0x000000001baef000 Uncommon trap: reason=unstable_if action=reinterpret pc=0x00000000040a81cc method=java.nio.file.FileTreeWalker.getAttributes(Ljava/nio/file/Path;Z)Ljava/nio/file/attribute/BasicFileAttributes; @ 35
Event: 1701.633 Thread 0x000000001baef000 Uncommon trap: reason=unstable_if action=reinterpret pc=0x0000000002d7e7bc method=java.lang.String$CaseInsensitiveComparator.compare(Ljava/lang/String;Ljava/lang/String;)I @ 70
Event: 1701.845 Thread 0x000000001baef000 Uncommon trap: reason=unstable_if action=reinterpret pc=0x0000000003f24860 method=java.nio.Bits.putInt(Ljava/nio/ByteBuffer;IIZ)V @ 1
Event: 1706.093 Thread 0x000000001baef000 Uncommon trap: reason=unstable_if action=reinterpret pc=0x0000000003b0e354 method=java.nio.Bits.getShort(Ljava/nio/ByteBuffer;IZ)S @ 1
Event: 1706.514 Thread 0x000000001baeb000 Uncommon trap: reason=unstable_if action=reinterpret pc=0x0000000003f5d7f0 method=java.util.Arrays.hashCode([Ljava/lang/Object;)I @ 1
Event: 1706.515 Thread 0x000000001baef800 Uncommon trap: reason=unstable_if action=reinterpret pc=0x00000000044fc894 method=java.util.concurrent.ConcurrentHashMap.putVal(Ljava/lang/Object;Ljava/lang/Object;Z)Ljava/lang/Object; @ 98
Event: 1706.515 Thread 0x000000001baef800 Uncommon trap: reason=unstable_if action=reinterpret pc=0x0000000004543474 method=java.lang.invoke.MethodType$ConcurrentWeakInternSet.add(Ljava/lang/Object;)Ljava/lang/Object; @ 47
Event: 1706.973 Thread 0x000000001baef800 Uncommon trap: reason=unloaded action=reinterpret pc=0x00000000046bcfdc method=com.android.tools.r8.code.InstructionFactory.readSequenceFrom(Ljava/nio/ShortBuffer;IILcom/android/tools/r8/graph/OffsetToObjectMapping;)[Lcom/android/tools/r8/code/Instruction
Event: 1707.608 Thread 0x000000001baef800 Uncommon trap: reason=unstable_if action=reinterpret pc=0x000000000468703c method=com.android.tools.r8.n.a.a.a.g.f0.get(I)Ljava/lang/Object; @ 8
Event: 1707.634 Thread 0x000000001baef800 Uncommon trap: reason=unstable_if action=reinterpret pc=0x00000000045cf200 method=com.android.tools.r8.utils.t.a(I)Z @ 45

Classes redefined (0 events):
No events

Internal exceptions (10 events):
Event: 1702.221 Thread 0x000000001baef000 Exception <a 'java/lang/NoSuchMethodError': java.lang.Object.lambda$maxBy$1(Ljava/util/Comparator;Ljava/lang/Object;Ljava/lang/Object;)Ljava/lang/Object;> (0x00000000e37f0638) thrown at [D:\src\AOSP-openjdk-cygwin\jdk8u\hotspot\src\share\vm\interpreter\li
Event: 1703.034 Thread 0x000000001baef000 Exception <a 'sun/nio/fs/WindowsException'> (0x00000000e4184f40) thrown at [D:\src\AOSP-openjdk-cygwin\jdk8u\hotspot\src\share\vm\prims\jni.cpp, line 710]
Event: 1703.052 Thread 0x000000001baef000 Exception <a 'sun/nio/fs/WindowsException'> (0x00000000e4196370) thrown at [D:\src\AOSP-openjdk-cygwin\jdk8u\hotspot\src\share\vm\prims\jni.cpp, line 710]
Event: 1703.066 Thread 0x000000001baef000 Exception <a 'sun/nio/fs/WindowsException'> (0x00000000e421cfb8) thrown at [D:\src\AOSP-openjdk-cygwin\jdk8u\hotspot\src\share\vm\prims\jni.cpp, line 710]
Event: 1703.072 Thread 0x000000001baef000 Exception <a 'sun/nio/fs/WindowsException'> (0x00000000e4224a00) thrown at [D:\src\AOSP-openjdk-cygwin\jdk8u\hotspot\src\share\vm\prims\jni.cpp, line 710]
Event: 1703.076 Thread 0x000000001baef000 Exception <a 'sun/nio/fs/WindowsException'> (0x00000000e422e198) thrown at [D:\src\AOSP-openjdk-cygwin\jdk8u\hotspot\src\share\vm\prims\jni.cpp, line 710]
Event: 1703.521 Thread 0x000000001c027000 Exception <a 'java/lang/NoSuchMethodError': <clinit>> (0x00000000e454cc80) thrown at [D:\src\AOSP-openjdk-cygwin\jdk8u\hotspot\src\share\vm\prims\jni.cpp, line 1614]
Event: 1703.522 Thread 0x000000001c027000 Exception <a 'java/lang/NoSuchMethodError': <clinit>> (0x00000000e4560088) thrown at [D:\src\AOSP-openjdk-cygwin\jdk8u\hotspot\src\share\vm\prims\jni.cpp, line 1614]
Event: 1706.068 Thread 0x000000001baef000 Exception <a 'sun/nio/fs/WindowsException'> (0x00000000e50bf920) thrown at [D:\src\AOSP-openjdk-cygwin\jdk8u\hotspot\src\share\vm\prims\jni.cpp, line 710]
Event: 1706.514 Thread 0x000000001baeb000 Implicit null exception at 0x0000000003f5d6ef to 0x0000000003f5d7e1

Events (10 events):
Event: 1707.609 loading class com/android/tools/r8/dex/DexParser done
Event: 1707.634 Thread 0x000000001baef800 Uncommon trap: trap_request=0xffffff65 fr.pc=0x00000000045cf200
Event: 1707.634 Thread 0x000000001baef800 DEOPT PACKING pc=0x00000000045cf200 sp=0x0000000023cfe730
Event: 1707.634 Thread 0x000000001baef800 DEOPT UNPACKING pc=0x0000000002b5557b sp=0x0000000023cfe6c8 mode 2
Event: 1707.658 Executing VM operation: RevokeBias
Event: 1707.659 Executing VM operation: RevokeBias done
Event: 1707.690 loading class com/android/tools/r8/m/a/b/g
Event: 1707.690 loading class com/android/tools/r8/m/a/b/g done
Event: 1707.690 loading class com/android/tools/r8/m/a/b/n/a
Event: 1707.690 loading class com/android/tools/r8/m/a/b/n/a done


Dynamic libraries:
0x00007ff74f3b0000 - 0x00007ff74f3e1000 	C:\Program Files\Android\Android Studio\jre\bin\java.exe
0x00007ffeb88d0000 - 0x00007ffeb8ab1000 	C:\WINDOWS\SYSTEM32\ntdll.dll
0x00007ffe7e800000 - 0x00007ffe7e815000 	C:\Program Files\AVAST Software\Avast\aswhook.dll
0x00007ffeb5dc0000 - 0x00007ffeb5e71000 	C:\WINDOWS\System32\KERNEL32.DLL
0x00007ffeb5600000 - 0x00007ffeb5873000 	C:\WINDOWS\System32\KERNELBASE.dll
0x00007ffeb6b30000 - 0x00007ffeb6bd1000 	C:\WINDOWS\System32\ADVAPI32.dll
0x00007ffeb6a90000 - 0x00007ffeb6b2e000 	C:\WINDOWS\System32\msvcrt.dll
0x00007ffeb6c40000 - 0x00007ffeb6c9b000 	C:\WINDOWS\System32\sechost.dll
0x00007ffeb5f20000 - 0x00007ffeb6044000 	C:\WINDOWS\System32\RPCRT4.dll
0x00007ffeb6d80000 - 0x00007ffeb6f10000 	C:\WINDOWS\System32\USER32.dll
0x00007ffeb4e70000 - 0x00007ffeb4e90000 	C:\WINDOWS\System32\win32u.dll
0x00007ffeb6d50000 - 0x00007ffeb6d78000 	C:\WINDOWS\System32\GDI32.dll
0x00007ffeb5bc0000 - 0x00007ffeb5d51000 	C:\WINDOWS\System32\gdi32full.dll
0x00007ffeb5a70000 - 0x00007ffeb5b0f000 	C:\WINDOWS\System32\msvcp_win.dll
0x00007ffeb4ca0000 - 0x00007ffeb4d98000 	C:\WINDOWS\System32\ucrtbase.dll
0x00007ffea1800000 - 0x00007ffea1a69000 	C:\WINDOWS\WinSxS\amd64_microsoft.windows.common-controls_6595b64144ccf1df_6.0.17134.950_none_fb3da4273069d3e0\COMCTL32.dll
0x00007ffeb61f0000 - 0x00007ffeb6512000 	C:\WINDOWS\System32\combase.dll
0x00007ffeb4df0000 - 0x00007ffeb4e69000 	C:\WINDOWS\System32\bcryptPrimitives.dll
0x00007ffeb87f0000 - 0x00007ffeb881d000 	C:\WINDOWS\System32\IMM32.DLL
0x0000000069e80000 - 0x0000000069f52000 	C:\Program Files\Android\Android Studio\jre\jre\bin\msvcr100.dll
0x000000006a040000 - 0x000000006a886000 	C:\Program Files\Android\Android Studio\jre\jre\bin\server\jvm.dll
0x00007ffeb8820000 - 0x00007ffeb8828000 	C:\WINDOWS\System32\PSAPI.DLL
0x00007ffea5540000 - 0x00007ffea5549000 	C:\WINDOWS\SYSTEM32\WSOCK32.dll
0x00007ffeb8830000 - 0x00007ffeb889c000 	C:\WINDOWS\System32\WS2_32.dll
0x00007ffeb2e40000 - 0x00007ffeb2e63000 	C:\WINDOWS\SYSTEM32\WINMM.dll
0x00007ffeaa330000 - 0x00007ffeaa33a000 	C:\WINDOWS\SYSTEM32\VERSION.dll
0x00007ffeb2e10000 - 0x00007ffeb2e3a000 	C:\WINDOWS\SYSTEM32\WINMMBASE.dll
0x00007ffeb4da0000 - 0x00007ffeb4de9000 	C:\WINDOWS\System32\cfgmgr32.dll
0x00007ffe9c2e0000 - 0x00007ffe9c2ef000 	C:\Program Files\Android\Android Studio\jre\jre\bin\verify.dll
0x00007ffe98e70000 - 0x00007ffe98e99000 	C:\Program Files\Android\Android Studio\jre\jre\bin\java.dll
0x00007ffe98e50000 - 0x00007ffe98e66000 	C:\Program Files\Android\Android Studio\jre\jre\bin\zip.dll
0x00007ffeb6f10000 - 0x00007ffeb8350000 	C:\WINDOWS\System32\SHELL32.dll
0x00007ffeb6ca0000 - 0x00007ffeb6d49000 	C:\WINDOWS\System32\shcore.dll
0x00007ffeb4e90000 - 0x00007ffeb559d000 	C:\WINDOWS\System32\windows.storage.dll
0x00007ffeb5d60000 - 0x00007ffeb5db1000 	C:\WINDOWS\System32\shlwapi.dll
0x00007ffeb4be0000 - 0x00007ffeb4bf1000 	C:\WINDOWS\System32\kernel.appcore.dll
0x00007ffeb4c00000 - 0x00007ffeb4c1f000 	C:\WINDOWS\System32\profapi.dll
0x00007ffeb4c50000 - 0x00007ffeb4c9c000 	C:\WINDOWS\System32\powrprof.dll
0x00007ffeb4c20000 - 0x00007ffeb4c2a000 	C:\WINDOWS\System32\FLTLIB.DLL
0x00007ffe98e30000 - 0x00007ffe98e4a000 	C:\Program Files\Android\Android Studio\jre\jre\bin\net.dll
0x00007ffeb4460000 - 0x00007ffeb44c6000 	C:\WINDOWS\system32\mswsock.dll
0x00007ffe98e10000 - 0x00007ffe98e21000 	C:\Program Files\Android\Android Studio\jre\jre\bin\nio.dll
0x00007ffe8b1b0000 - 0x00007ffe8b1d6000 	C:\Users\Rodrigo\.gradle\native\29\windows-amd64\native-platform.dll
0x00007ffe9a6f0000 - 0x00007ffe9a6fd000 	C:\Program Files\Android\Android Studio\jre\jre\bin\management.dll
0x00007ffeb4610000 - 0x00007ffeb4627000 	C:\WINDOWS\SYSTEM32\CRYPTSP.dll
0x00007ffeb4010000 - 0x00007ffeb4043000 	C:\WINDOWS\system32\rsaenh.dll
0x00007ffeb4740000 - 0x00007ffeb4765000 	C:\WINDOWS\SYSTEM32\bcrypt.dll
0x00007ffeb4b10000 - 0x00007ffeb4b38000 	C:\WINDOWS\SYSTEM32\USERENV.dll
0x00007ffeb4630000 - 0x00007ffeb463b000 	C:\WINDOWS\SYSTEM32\CRYPTBASE.dll
0x00007ffeb41b0000 - 0x00007ffeb41e8000 	C:\WINDOWS\SYSTEM32\IPHLPAPI.DLL
0x00007ffeb6a80000 - 0x00007ffeb6a88000 	C:\WINDOWS\System32\NSI.dll
0x00007ffea96a0000 - 0x00007ffea96b6000 	C:\WINDOWS\SYSTEM32\dhcpcsvc6.DLL
0x00007ffea9de0000 - 0x00007ffea9dfa000 	C:\WINDOWS\SYSTEM32\dhcpcsvc.DLL

VM Arguments:
jvm_args: -Xmx1536m -Dfile.encoding=windows-1252 -Duser.country=BR -Duser.language=pt -Duser.variant 
java_command: org.gradle.launcher.daemon.bootstrap.GradleDaemon 5.4.1
java_class_path (initial): C:\Users\Rodrigo\.gradle\wrapper\dists\gradle-5.4.1-all\3221gyojl5jsh0helicew7rwx\gradle-5.4.1\lib\gradle-launcher-5.4.1.jar
Launcher Type: SUN_STANDARD

Environment Variables:
JAVA_HOME=C:\Program Files\Java\jdk1.8.0_191
PATH=C:\LPI4\apache-maven-3.6.3\bin;C:\WINDOWS\system32;C:\WINDOWS;C:\WINDOWS\System32\Wbem;C:\WINDOWS\System32\WindowsPowerShell\v1.0\;C:\WINDOWS\System32\OpenSSH\;C:\xampp\php\php.exe;C:\Program Files\nodejs\;C:\Program Files\Git\cmd;%JAVA_HOME%\bin;%CATALINA_HOME%\bin;C:\LPI4\apache-maven-3.6.3\bin;C:\Users\Rodrigo\AppData\Local\Programs\Microsoft VS Code\bin;C:\Users\Rodrigo\AppData\Roaming\npm;C:\Program Files\Java\jdk1.8.0_191\bin;C:\LPI4\apache-tomcat-9.0.30-windows-x64\apache-tomcat-9.0.30\bin;
USERNAME=Rodrigo
OS=Windows_NT
PROCESSOR_IDENTIFIER=Intel64 Family 6 Model 142 Stepping 9, GenuineIntel



---------------  S Y S T E M  ---------------

OS: Windows 10.0 , 64 bit Build 17134 (10.0.17134.753)

CPU:total 2 (initial active 2) (2 cores per cpu, 1 threads per core) family 6 model 142 stepping 9, cmov, cx8, fxsr, mmx, sse, sse2, sse3, ssse3, sse4.1, sse4.2, popcnt, aes, clmul, erms, 3dnowpref, lzcnt, tsc, tscinvbit

Memory: 4k page, physical 8296568k(315992k free), swap 33462392k(2268k free)

vm_info: OpenJDK 64-Bit Server VM (25.202-b03) for windows-amd64 JRE (1.8.0_202-release-1483-b03), built by "builder" with MS VC++ 10.0 (VS2010)

time: Mon Apr 06 19:22:20 2020
timezone: Hora Padrão Brasil Central
elapsed time: 1708 seconds (0d 0h 28m 28s)

